DEBUG: org.springframework.core.env.StandardEnvironment - Initializing new StandardEnvironment
DEBUG: org.springframework.core.env.StandardEnvironment - Adding [systemProperties] PropertySource with lowest search precedence
DEBUG: org.springframework.core.env.StandardEnvironment - Adding [systemEnvironment] PropertySource with lowest search precedence
DEBUG: org.springframework.core.env.StandardEnvironment - Initialized StandardEnvironment with PropertySources [systemProperties,systemEnvironment]
DEBUG: org.springframework.core.io.support.PathMatchingResourcePatternResolver - Looking for matching resources in jar file [file:/Volumes/STORENGO/dart/image-search-site/target/image-search-site-0.0.1-SNAPSHOT.jar]
DEBUG: org.springframework.core.io.support.PathMatchingResourcePatternResolver - Resolved location pattern [classpath*:com/dart/archive/image/search/site/**/*.class] to resources [URL [jar:file:/Volumes/STORENGO/dart/image-search-site/target/image-search-site-0.0.1-SNAPSHOT.jar!/com/dart/archive/image/search/site/ImageSearchService.class], URL [jar:file:/Volumes/STORENGO/dart/image-search-site/target/image-search-site-0.0.1-SNAPSHOT.jar!/com/dart/archive/image/search/site/ImageSearchResults.class], URL [jar:file:/Volumes/STORENGO/dart/image-search-site/target/image-search-site-0.0.1-SNAPSHOT.jar!/com/dart/archive/image/search/site/ImageSearchResource.class], URL [jar:file:/Volumes/STORENGO/dart/image-search-site/target/image-search-site-0.0.1-SNAPSHOT.jar!/com/dart/archive/image/search/site/ImageSearchHealthCheck.class], URL [jar:file:/Volumes/STORENGO/dart/image-search-site/target/image-search-site-0.0.1-SNAPSHOT.jar!/com/dart/archive/image/search/site/ImageSearchConfiguration.class], URL [jar:file:/Volumes/STORENGO/dart/image-search-site/target/image-search-site-0.0.1-SNAPSHOT.jar!/com/dart/archive/image/search/site/ImageSearchApp.class]]
DEBUG: org.springframework.context.annotation.ClassPathBeanDefinitionScanner - Identified candidate component class: URL [jar:file:/Volumes/STORENGO/dart/image-search-site/target/image-search-site-0.0.1-SNAPSHOT.jar!/com/dart/archive/image/search/site/ImageSearchService.class]
DEBUG: org.springframework.context.annotation.ClassPathBeanDefinitionScanner - Identified candidate component class: URL [jar:file:/Volumes/STORENGO/dart/image-search-site/target/image-search-site-0.0.1-SNAPSHOT.jar!/com/dart/archive/image/search/site/ImageSearchResource.class]
DEBUG: org.springframework.context.annotation.ClassPathBeanDefinitionScanner - Identified candidate component class: URL [jar:file:/Volumes/STORENGO/dart/image-search-site/target/image-search-site-0.0.1-SNAPSHOT.jar!/com/dart/archive/image/search/site/ImageSearchHealthCheck.class]
DEBUG: org.springframework.core.env.StandardEnvironment - Initializing new StandardEnvironment
DEBUG: org.springframework.core.env.StandardEnvironment - Adding [systemProperties] PropertySource with lowest search precedence
DEBUG: org.springframework.core.env.StandardEnvironment - Adding [systemEnvironment] PropertySource with lowest search precedence
DEBUG: org.springframework.core.env.StandardEnvironment - Initialized StandardEnvironment with PropertySources [systemProperties,systemEnvironment]
INFO : org.springframework.context.support.FileSystemXmlApplicationContext - Refreshing org.springframework.context.support.FileSystemXmlApplicationContext@c2f8b5a: startup date [Sun Mar 10 10:02:23 CET 2013]; root of context hierarchy
DEBUG: org.springframework.core.env.StandardEnvironment - Initializing new StandardEnvironment
DEBUG: org.springframework.core.env.StandardEnvironment - Adding [systemProperties] PropertySource with lowest search precedence
DEBUG: org.springframework.core.env.StandardEnvironment - Adding [systemEnvironment] PropertySource with lowest search precedence
DEBUG: org.springframework.core.env.StandardEnvironment - Initialized StandardEnvironment with PropertySources [systemProperties,systemEnvironment]
DEBUG: org.springframework.core.env.StandardEnvironment - Initializing new StandardEnvironment
DEBUG: org.springframework.core.env.StandardEnvironment - Adding [systemProperties] PropertySource with lowest search precedence
DEBUG: org.springframework.core.env.StandardEnvironment - Adding [systemEnvironment] PropertySource with lowest search precedence
DEBUG: org.springframework.core.env.StandardEnvironment - Initialized StandardEnvironment with PropertySources [systemProperties,systemEnvironment]
INFO : org.springframework.beans.factory.xml.XmlBeanDefinitionReader - Loading XML bean definitions from file [/Volumes/STORENGO/dart/image-search-site/site01/applicationContext.xml]
DEBUG: org.springframework.beans.factory.xml.DefaultDocumentLoader - Using JAXP provider [com.sun.org.apache.xerces.internal.jaxp.DocumentBuilderFactoryImpl]
DEBUG: org.springframework.beans.factory.xml.PluggableSchemaResolver - Loading schema mappings from [META-INF/spring.schemas]
DEBUG: org.springframework.beans.factory.xml.PluggableSchemaResolver - Loaded schema mappings: {http://www.springframework.org/schema/context/spring-context-3.1.xsd=org/springframework/context/config/spring-context-3.1.xsd, http://www.springframework.org/schema/lang/spring-lang-2.5.xsd=org/springframework/scripting/config/spring-lang-2.5.xsd, http://www.springframework.org/schema/lang/spring-lang.xsd=org/springframework/scripting/config/spring-lang-3.2.xsd, http://www.springframework.org/schema/context/spring-context-2.5.xsd=org/springframework/context/config/spring-context-2.5.xsd, http://www.springframework.org/schema/cache/spring-cache-3.1.xsd=org/springframework/cache/config/spring-cache-3.1.xsd, http://www.springframework.org/schema/lang/spring-lang-3.2.xsd=org/springframework/scripting/config/spring-lang-3.2.xsd, http://www.springframework.org/schema/context/spring-context.xsd=org/springframework/context/config/spring-context-3.2.xsd, http://www.springframework.org/schema/task/spring-task-3.0.xsd=org/springframework/scheduling/config/spring-task-3.0.xsd, http://www.springframework.org/schema/jee/spring-jee-3.1.xsd=org/springframework/ejb/config/spring-jee-3.1.xsd, http://www.springframework.org/schema/task/spring-task.xsd=org/springframework/scheduling/config/spring-task-3.2.xsd, http://www.springframework.org/schema/context/spring-context-3.0.xsd=org/springframework/context/config/spring-context-3.0.xsd, http://www.springframework.org/schema/lang/spring-lang-3.1.xsd=org/springframework/scripting/config/spring-lang-3.1.xsd, http://www.springframework.org/schema/task/spring-task-3.2.xsd=org/springframework/scheduling/config/spring-task-3.2.xsd, http://www.springframework.org/schema/jee/spring-jee.xsd=org/springframework/ejb/config/spring-jee-3.2.xsd, http://www.springframework.org/schema/cache/spring-cache.xsd=org/springframework/cache/config/spring-cache-3.2.xsd, http://www.springframework.org/schema/context/spring-context-3.2.xsd=org/springframework/context/config/spring-context-3.2.xsd, http://www.springframework.org/schema/cache/spring-cache-3.2.xsd=org/springframework/cache/config/spring-cache-3.2.xsd, http://www.springframework.org/schema/jee/spring-jee-3.0.xsd=org/springframework/ejb/config/spring-jee-3.0.xsd, http://www.springframework.org/schema/jee/spring-jee-2.0.xsd=org/springframework/ejb/config/spring-jee-2.0.xsd, http://www.springframework.org/schema/jee/spring-jee-2.5.xsd=org/springframework/ejb/config/spring-jee-2.5.xsd, http://www.springframework.org/schema/lang/spring-lang-3.0.xsd=org/springframework/scripting/config/spring-lang-3.0.xsd, http://www.springframework.org/schema/task/spring-task-3.1.xsd=org/springframework/scheduling/config/spring-task-3.1.xsd, http://www.springframework.org/schema/lang/spring-lang-2.0.xsd=org/springframework/scripting/config/spring-lang-2.0.xsd, http://www.springframework.org/schema/jee/spring-jee-3.2.xsd=org/springframework/ejb/config/spring-jee-3.2.xsd}
DEBUG: org.springframework.beans.factory.xml.DefaultBeanDefinitionDocumentReader - Loading bean definitions
DEBUG: org.springframework.beans.factory.xml.XmlBeanDefinitionReader - Loaded 1 bean definitions from location pattern [applicationContext.xml]
DEBUG: org.springframework.context.support.FileSystemXmlApplicationContext - Bean factory for org.springframework.context.support.FileSystemXmlApplicationContext@c2f8b5a: org.springframework.beans.factory.support.DefaultListableBeanFactory@23e0512a: defining beans [imageSearcher]; root of factory hierarchy
DEBUG: org.springframework.context.support.FileSystemXmlApplicationContext - Unable to locate MessageSource with name 'messageSource': using default [org.springframework.context.support.DelegatingMessageSource@5dd2b9b7]
DEBUG: org.springframework.context.support.FileSystemXmlApplicationContext - Unable to locate ApplicationEventMulticaster with name 'applicationEventMulticaster': using default [org.springframework.context.event.SimpleApplicationEventMulticaster@319c0bd6]
INFO : org.springframework.beans.factory.support.DefaultListableBeanFactory - Pre-instantiating singletons in org.springframework.beans.factory.support.DefaultListableBeanFactory@23e0512a: defining beans [imageSearcher]; root of factory hierarchy
DEBUG: org.springframework.context.support.FileSystemXmlApplicationContext - Unable to locate LifecycleProcessor with name 'lifecycleProcessor': using default [org.springframework.context.support.DefaultLifecycleProcessor@741827d1]
DEBUG: org.springframework.beans.factory.support.DefaultListableBeanFactory - Returning cached instance of singleton bean 'lifecycleProcessor'
DEBUG: org.springframework.core.env.PropertySourcesPropertyResolver - Searching for key 'spring.liveBeansView.mbeanDomain' in [systemProperties]
DEBUG: org.springframework.core.env.PropertySourcesPropertyResolver - Searching for key 'spring.liveBeansView.mbeanDomain' in [systemEnvironment]
DEBUG: org.springframework.core.env.PropertySourcesPropertyResolver - Could not find key 'spring.liveBeansView.mbeanDomain' in any property source. Returning [null]
DEBUG: org.springframework.core.env.PropertySourcesPropertyResolver - Searching for key 'spring.profiles.active' in [systemProperties]
DEBUG: org.springframework.core.env.PropertySourcesPropertyResolver - Searching for key 'spring.profiles.active' in [systemEnvironment]
DEBUG: org.springframework.core.env.PropertySourcesPropertyResolver - Could not find key 'spring.profiles.active' in any property source. Returning [null]
DEBUG: org.springframework.core.env.PropertySourcesPropertyResolver - Searching for key 'spring.profiles.default' in [systemProperties]
DEBUG: org.springframework.core.env.PropertySourcesPropertyResolver - Searching for key 'spring.profiles.default' in [systemEnvironment]
DEBUG: org.springframework.core.env.PropertySourcesPropertyResolver - Could not find key 'spring.profiles.default' in any property source. Returning [null]
DEBUG: org.springframework.core.env.PropertySourcesPropertyResolver - Searching for key 'spring.profiles.default' in [systemProperties]
DEBUG: org.springframework.core.env.PropertySourcesPropertyResolver - Searching for key 'spring.profiles.default' in [systemEnvironment]
DEBUG: org.springframework.core.env.PropertySourcesPropertyResolver - Could not find key 'spring.profiles.default' in any property source. Returning [null]
DEBUG: org.jboss.logging - Logging Provider: org.jboss.logging.Log4jLoggerProvider
INFO : org.hibernate.validator.internal.util.Version - HV000001: Hibernate Validator 4.3.0.Final
DEBUG: org.hibernate.validator.internal.engine.resolver.DefaultTraversableResolver - Cannot find javax.persistence.Persistence on classpath. Assuming non JPA 2 environment. All properties will per default be traversable.
DEBUG: org.hibernate.validator.internal.xml.ValidationXmlParser - Trying to load META-INF/validation.xml for XML based Validator configuration.
DEBUG: org.hibernate.validator.internal.xml.ValidationXmlParser - No META-INF/validation.xml found. Using annotation based configuration only.
DEBUG: org.hibernate.validator.internal.metadata.descriptor.ConstraintDescriptorImpl - Adding composing constraint: ConstraintDescriptorImpl{annotation=javax.validation.constraints.NotNull, payloads=[], hasComposingConstraints=true, isReportAsSingleInvalidConstraint=false, elementType=FIELD, definedOn=DEFINED_LOCALLY, groups=[interface javax.validation.groups.Default], attributes={message={javax.validation.constraints.NotNull.message}, payload=[Ljava.lang.Class;@508de972, groups=[Ljava.lang.Class;@14d964af}}.
DEBUG: org.hibernate.validator.internal.metadata.descriptor.ConstraintDescriptorImpl - Adding composing constraint: ConstraintDescriptorImpl{annotation=javax.validation.constraints.Size, payloads=[], hasComposingConstraints=true, isReportAsSingleInvalidConstraint=false, elementType=FIELD, definedOn=DEFINED_LOCALLY, groups=[interface javax.validation.groups.Default], attributes={message={javax.validation.constraints.Size.message}, min=1, payload=[Ljava.lang.Class;@7e7f8062, max=2147483647, groups=[Ljava.lang.Class;@64c5e2cf}}.
DEBUG: org.hibernate.validator.internal.metadata.descriptor.ConstraintDescriptorImpl - Adding composing constraint: ConstraintDescriptorImpl{annotation=javax.validation.constraints.NotNull, payloads=[], hasComposingConstraints=true, isReportAsSingleInvalidConstraint=false, elementType=FIELD, definedOn=DEFINED_LOCALLY, groups=[interface javax.validation.groups.Default], attributes={message={javax.validation.constraints.NotNull.message}, payload=[Ljava.lang.Class;@316d3536, groups=[Ljava.lang.Class;@78c08593}}.
DEBUG: org.hibernate.validator.internal.metadata.descriptor.ConstraintDescriptorImpl - Adding composing constraint: ConstraintDescriptorImpl{annotation=javax.validation.constraints.Size, payloads=[], hasComposingConstraints=true, isReportAsSingleInvalidConstraint=false, elementType=FIELD, definedOn=DEFINED_LOCALLY, groups=[interface javax.validation.groups.Default], attributes={message={javax.validation.constraints.Size.message}, min=1, payload=[Ljava.lang.Class;@3445378f, max=2147483647, groups=[Ljava.lang.Class;@2c42a818}}.
DEBUG: org.hibernate.validator.internal.engine.resolver.DefaultTraversableResolver - Cannot find javax.persistence.Persistence on classpath. Assuming non JPA 2 environment. All properties will per default be traversable.
DEBUG: org.hibernate.validator.internal.xml.ValidationXmlParser - Trying to load META-INF/validation.xml for XML based Validator configuration.
DEBUG: org.hibernate.validator.internal.xml.ValidationXmlParser - No META-INF/validation.xml found. Using annotation based configuration only.
INFO : org.springframework.context.annotation.AnnotationConfigApplicationContext - Refreshing org.springframework.context.annotation.AnnotationConfigApplicationContext@788ab708: startup date [Sun Mar 10 10:02:25 CET 2013]; parent: org.springframework.context.support.FileSystemXmlApplicationContext@c2f8b5a
DEBUG: org.springframework.context.annotation.AnnotationConfigApplicationContext - Bean factory for org.springframework.context.annotation.AnnotationConfigApplicationContext@788ab708: org.springframework.beans.factory.support.DefaultListableBeanFactory@6fe22c75: defining beans [org.springframework.context.annotation.internalConfigurationAnnotationProcessor,org.springframework.context.annotation.internalAutowiredAnnotationProcessor,org.springframework.context.annotation.internalRequiredAnnotationProcessor,org.springframework.context.annotation.internalCommonAnnotationProcessor,imageSearchService,imageSearchResource,imageSearchHealthCheck]; parent: org.springframework.beans.factory.support.DefaultListableBeanFactory@23e0512a
INFO  [2013-03-10 09:02:25,759] com.github.nhuray.dropwizard.spring.SpringBundle: Registering Dropwizard Configuration under name : dw
INFO  [2013-03-10 09:02:25,761] com.github.nhuray.dropwizard.spring.SpringBundle: Registering Dropwizard Placeholder under name : dw-placeholder
DEBUG: org.springframework.beans.factory.support.DefaultListableBeanFactory - Creating shared instance of singleton bean 'org.springframework.context.annotation.internalConfigurationAnnotationProcessor'
DEBUG: org.springframework.beans.factory.support.DefaultListableBeanFactory - Creating instance of bean 'org.springframework.context.annotation.internalConfigurationAnnotationProcessor'
DEBUG: org.springframework.beans.factory.support.DefaultListableBeanFactory - Eagerly caching bean 'org.springframework.context.annotation.internalConfigurationAnnotationProcessor' to allow for resolving potential circular references
DEBUG: org.springframework.beans.factory.support.DefaultListableBeanFactory - Finished creating instance of bean 'org.springframework.context.annotation.internalConfigurationAnnotationProcessor'
DEBUG: org.springframework.beans.factory.support.DefaultListableBeanFactory - Returning cached instance of singleton bean 'dw-placeholder'
DEBUG: org.springframework.beans.factory.support.DefaultListableBeanFactory - Creating shared instance of singleton bean 'org.springframework.context.annotation.internalAutowiredAnnotationProcessor'
DEBUG: org.springframework.beans.factory.support.DefaultListableBeanFactory - Creating instance of bean 'org.springframework.context.annotation.internalAutowiredAnnotationProcessor'
DEBUG: org.springframework.beans.factory.support.DefaultListableBeanFactory - Eagerly caching bean 'org.springframework.context.annotation.internalAutowiredAnnotationProcessor' to allow for resolving potential circular references
DEBUG: org.springframework.beans.factory.support.DefaultListableBeanFactory - Finished creating instance of bean 'org.springframework.context.annotation.internalAutowiredAnnotationProcessor'
DEBUG: org.springframework.beans.factory.support.DefaultListableBeanFactory - Creating shared instance of singleton bean 'org.springframework.context.annotation.internalRequiredAnnotationProcessor'
DEBUG: org.springframework.beans.factory.support.DefaultListableBeanFactory - Creating instance of bean 'org.springframework.context.annotation.internalRequiredAnnotationProcessor'
DEBUG: org.springframework.beans.factory.support.DefaultListableBeanFactory - Eagerly caching bean 'org.springframework.context.annotation.internalRequiredAnnotationProcessor' to allow for resolving potential circular references
DEBUG: org.springframework.beans.factory.support.DefaultListableBeanFactory - Finished creating instance of bean 'org.springframework.context.annotation.internalRequiredAnnotationProcessor'
DEBUG: org.springframework.beans.factory.support.DefaultListableBeanFactory - Creating shared instance of singleton bean 'org.springframework.context.annotation.internalCommonAnnotationProcessor'
DEBUG: org.springframework.beans.factory.support.DefaultListableBeanFactory - Creating instance of bean 'org.springframework.context.annotation.internalCommonAnnotationProcessor'
DEBUG: org.springframework.beans.factory.support.DefaultListableBeanFactory - Eagerly caching bean 'org.springframework.context.annotation.internalCommonAnnotationProcessor' to allow for resolving potential circular references
DEBUG: org.springframework.beans.factory.support.DefaultListableBeanFactory - Finished creating instance of bean 'org.springframework.context.annotation.internalCommonAnnotationProcessor'
DEBUG: org.springframework.beans.factory.support.DefaultListableBeanFactory - Creating shared instance of singleton bean 'org.springframework.context.annotation.ConfigurationClassPostProcessor.importAwareProcessor'
DEBUG: org.springframework.beans.factory.support.DefaultListableBeanFactory - Creating instance of bean 'org.springframework.context.annotation.ConfigurationClassPostProcessor.importAwareProcessor'
DEBUG: org.springframework.beans.factory.support.DefaultListableBeanFactory - Eagerly caching bean 'org.springframework.context.annotation.ConfigurationClassPostProcessor.importAwareProcessor' to allow for resolving potential circular references
DEBUG: org.springframework.beans.factory.support.DefaultListableBeanFactory - Finished creating instance of bean 'org.springframework.context.annotation.ConfigurationClassPostProcessor.importAwareProcessor'
DEBUG: org.springframework.context.annotation.AnnotationConfigApplicationContext - Unable to locate MessageSource with name 'messageSource': using default [org.springframework.context.support.DelegatingMessageSource@7c40627c]
DEBUG: org.springframework.context.annotation.AnnotationConfigApplicationContext - Unable to locate ApplicationEventMulticaster with name 'applicationEventMulticaster': using default [org.springframework.context.event.SimpleApplicationEventMulticaster@6701fa9e]
INFO : org.springframework.beans.factory.support.DefaultListableBeanFactory - Pre-instantiating singletons in org.springframework.beans.factory.support.DefaultListableBeanFactory@6fe22c75: defining beans [org.springframework.context.annotation.internalConfigurationAnnotationProcessor,org.springframework.context.annotation.internalAutowiredAnnotationProcessor,org.springframework.context.annotation.internalRequiredAnnotationProcessor,org.springframework.context.annotation.internalCommonAnnotationProcessor,imageSearchService,imageSearchResource,imageSearchHealthCheck,org.springframework.context.annotation.ConfigurationClassPostProcessor.importAwareProcessor]; parent: org.springframework.beans.factory.support.DefaultListableBeanFactory@23e0512a
DEBUG: org.springframework.beans.factory.support.DefaultListableBeanFactory - Returning cached instance of singleton bean 'org.springframework.context.annotation.internalConfigurationAnnotationProcessor'
DEBUG: org.springframework.beans.factory.support.DefaultListableBeanFactory - Returning cached instance of singleton bean 'org.springframework.context.annotation.internalAutowiredAnnotationProcessor'
DEBUG: org.springframework.beans.factory.support.DefaultListableBeanFactory - Returning cached instance of singleton bean 'org.springframework.context.annotation.internalRequiredAnnotationProcessor'
DEBUG: org.springframework.beans.factory.support.DefaultListableBeanFactory - Returning cached instance of singleton bean 'org.springframework.context.annotation.internalCommonAnnotationProcessor'
DEBUG: org.springframework.beans.factory.support.DefaultListableBeanFactory - Creating shared instance of singleton bean 'imageSearchService'
DEBUG: org.springframework.beans.factory.support.DefaultListableBeanFactory - Creating instance of bean 'imageSearchService'
DEBUG: org.springframework.beans.factory.annotation.InjectionMetadata - Registered injected element on class [com.dart.archive.image.search.site.ImageSearchService]: AutowiredFieldElement for protected java.lang.String com.dart.archive.image.search.site.ImageSearchService.host
DEBUG: org.springframework.beans.factory.annotation.InjectionMetadata - Registered injected element on class [com.dart.archive.image.search.site.ImageSearchService]: AutowiredFieldElement for protected java.lang.String com.dart.archive.image.search.site.ImageSearchService.images
DEBUG: org.springframework.beans.factory.annotation.InjectionMetadata - Registered injected element on class [com.dart.archive.image.search.site.ImageSearchService]: AutowiredFieldElement for protected com.dart.archive.image.search.ImageSearcher com.dart.archive.image.search.site.ImageSearchService.imageSearcher
DEBUG: org.springframework.beans.factory.support.DefaultListableBeanFactory - Eagerly caching bean 'imageSearchService' to allow for resolving potential circular references
DEBUG: org.springframework.beans.factory.annotation.InjectionMetadata - Processing injected method of bean 'imageSearchService': AutowiredFieldElement for protected java.lang.String com.dart.archive.image.search.site.ImageSearchService.host
DEBUG: org.springframework.beans.factory.annotation.InjectionMetadata - Processing injected method of bean 'imageSearchService': AutowiredFieldElement for protected java.lang.String com.dart.archive.image.search.site.ImageSearchService.images
DEBUG: org.springframework.beans.factory.annotation.InjectionMetadata - Processing injected method of bean 'imageSearchService': AutowiredFieldElement for protected com.dart.archive.image.search.ImageSearcher com.dart.archive.image.search.site.ImageSearchService.imageSearcher
DEBUG: org.springframework.beans.factory.support.DefaultListableBeanFactory - Creating shared instance of singleton bean 'imageSearcher'
DEBUG: org.springframework.beans.factory.support.DefaultListableBeanFactory - Creating instance of bean 'imageSearcher'
DEBUG: com.dart.archive.image.search.surf.InterestPointsSearcher - element /Users/massimiliano.gerardi/dart/images/Trudgeon/50to98/50to75/50to62/One-Tens over Kent.jpgwas NOT cached
DEBUG: com.dart.archive.image.search.surf.InterestPointsSearcher - findInterestPoints start ... One-Tens over Kent.jpg
DEBUG: com.dart.archive.image.search.surf.InterestPointsSearcher - findInterestPoints 223648 took 1287 ms
DEBUG: com.dart.archive.image.search.surf.InterestPointsSearcher - element /Users/massimiliano.gerardi/dart/images/Trudgeon/50to98/50to75/50to62/One-Tens over Kent.jpgwas cached
DEBUG: com.dart.archive.image.search.surf.InterestPointsSearcher - element /Users/massimiliano.gerardi/dart/images/Trudgeon/50to98/50to75/50to62/Normandy Fighter Sweep.jpgwas NOT cached
DEBUG: com.dart.archive.image.search.surf.InterestPointsSearcher - findInterestPoints start ... Normandy Fighter Sweep.jpg
DEBUG: com.dart.archive.image.search.surf.InterestPointsSearcher - findInterestPoints 219847 took 846 ms
DEBUG: com.dart.archive.image.search.surf.InterestPointsSearcher - element /Users/massimiliano.gerardi/dart/images/Trudgeon/50to98/50to75/50to62/Normandy Fighter Sweep.jpgwas cached
DEBUG: com.dart.archive.image.search.surf.InterestPointsSearcher - element /Users/massimiliano.gerardi/dart/images/Trudgeon/50to98/50to75/50to62/Normandy Breakout.jpgwas NOT cached
DEBUG: com.dart.archive.image.search.surf.InterestPointsSearcher - findInterestPoints start ... Normandy Breakout.jpg
DEBUG: com.dart.archive.image.search.surf.InterestPointsSearcher - findInterestPoints 183104 took 552 ms
DEBUG: com.dart.archive.image.search.surf.InterestPointsSearcher - element /Users/massimiliano.gerardi/dart/images/Trudgeon/50to98/50to75/50to62/Normandy Breakout.jpgwas cached
DEBUG: com.dart.archive.image.search.surf.InterestPointsSearcher - element /Users/massimiliano.gerardi/dart/images/Trudgeon/50to98/50to75/50to62/Night Hunters of the Reich.jpgwas NOT cached
DEBUG: com.dart.archive.image.search.surf.InterestPointsSearcher - findInterestPoints start ... Night Hunters of the Reich.jpg
DEBUG: com.dart.archive.image.search.surf.InterestPointsSearcher - findInterestPoints 169574 took 648 ms
DEBUG: com.dart.archive.image.search.surf.InterestPointsSearcher - element /Users/massimiliano.gerardi/dart/images/Trudgeon/50to98/50to75/50to62/Night Hunters of the Reich.jpgwas cached
DEBUG: com.dart.archive.image.search.surf.InterestPointsSearcher - element /Users/massimiliano.gerardi/dart/images/Trudgeon/50to98/50to75/50to62/Mustangs over the Mediterranean.jpgwas NOT cached
DEBUG: com.dart.archive.image.search.surf.InterestPointsSearcher - findInterestPoints start ... Mustangs over the Mediterranean.jpg
DEBUG: com.dart.archive.image.search.surf.InterestPointsSearcher - findInterestPoints 202237 took 617 ms
DEBUG: com.dart.archive.image.search.surf.InterestPointsSearcher - element /Users/massimiliano.gerardi/dart/images/Trudgeon/50to98/50to75/50to62/Mustangs over the Mediterranean.jpgwas cached
DEBUG: com.dart.archive.image.search.surf.InterestPointsSearcher - element /Users/massimiliano.gerardi/dart/images/Trudgeon/50to98/50to75/50to62/Mustangs over the Eagles Nest.jpgwas NOT cached
DEBUG: com.dart.archive.image.search.surf.InterestPointsSearcher - findInterestPoints start ... Mustangs over the Eagles Nest.jpg
DEBUG: com.dart.archive.image.search.surf.InterestPointsSearcher - findInterestPoints 159128 took 563 ms
DEBUG: com.dart.archive.image.search.surf.InterestPointsSearcher - element /Users/massimiliano.gerardi/dart/images/Trudgeon/50to98/50to75/50to62/Mustangs over the Eagles Nest.jpgwas cached
DEBUG: com.dart.archive.image.search.surf.InterestPointsSearcher - element /Users/massimiliano.gerardi/dart/images/Trudgeon/50to98/50to75/50to62/Mustang Mayhem.jpgwas NOT cached
DEBUG: com.dart.archive.image.search.surf.InterestPointsSearcher - findInterestPoints start ... Mustang Mayhem.jpg
DEBUG: com.dart.archive.image.search.surf.InterestPointsSearcher - findInterestPoints 180909 took 524 ms
DEBUG: com.dart.archive.image.search.surf.InterestPointsSearcher - element /Users/massimiliano.gerardi/dart/images/Trudgeon/50to98/50to75/50to62/Mustang Mayhem.jpgwas cached
DEBUG: com.dart.archive.image.search.surf.InterestPointsSearcher - element /Users/massimiliano.gerardi/dart/images/Trudgeon/50to98/50to75/50to62/Mosquito's at Dusk.jpgwas NOT cached
DEBUG: com.dart.archive.image.search.surf.InterestPointsSearcher - findInterestPoints start ... Mosquito's at Dusk.jpg
DEBUG: com.dart.archive.image.search.surf.InterestPointsSearcher - findInterestPoints 162733 took 496 ms
DEBUG: com.dart.archive.image.search.surf.InterestPointsSearcher - element /Users/massimiliano.gerardi/dart/images/Trudgeon/50to98/50to75/50to62/Mosquito's at Dusk.jpgwas cached
DEBUG: com.dart.archive.image.search.surf.InterestPointsSearcher - element /Users/massimiliano.gerardi/dart/images/Trudgeon/50to98/50to75/50to62/Moonlight Hunter.jpgwas NOT cached
DEBUG: com.dart.archive.image.search.surf.InterestPointsSearcher - findInterestPoints start ... Moonlight Hunter.jpg
DEBUG: com.dart.archive.image.search.surf.InterestPointsSearcher - findInterestPoints 170912 took 642 ms
DEBUG: com.dart.archive.image.search.surf.InterestPointsSearcher - element /Users/massimiliano.gerardi/dart/images/Trudgeon/50to98/50to75/50to62/Moonlight Hunter.jpgwas cached
DEBUG: com.dart.archive.image.search.surf.InterestPointsSearcher - element /Users/massimiliano.gerardi/dart/images/Trudgeon/50to98/50to75/50to62/Messerschmitt Country.jpgwas NOT cached
DEBUG: com.dart.archive.image.search.surf.InterestPointsSearcher - findInterestPoints start ... Messerschmitt Country.jpg
DEBUG: com.dart.archive.image.search.surf.InterestPointsSearcher - findInterestPoints 186510 took 613 ms
DEBUG: com.dart.archive.image.search.surf.InterestPointsSearcher - element /Users/massimiliano.gerardi/dart/images/Trudgeon/50to98/50to75/50to62/Messerschmitt Country.jpgwas cached
DEBUG: com.dart.archive.image.search.surf.InterestPointsSearcher - element /Users/massimiliano.gerardi/dart/images/Trudgeon/50to98/50to75/50to62/Last Man Home.jpgwas NOT cached
DEBUG: com.dart.archive.image.search.surf.InterestPointsSearcher - findInterestPoints start ... Last Man Home.jpg
DEBUG: com.dart.archive.image.search.surf.InterestPointsSearcher - findInterestPoints 170782 took 498 ms
DEBUG: com.dart.archive.image.search.surf.InterestPointsSearcher - element /Users/massimiliano.gerardi/dart/images/Trudgeon/50to98/50to75/50to62/Last Man Home.jpgwas cached
DEBUG: com.dart.archive.image.search.surf.InterestPointsSearcher - element /Users/massimiliano.gerardi/dart/images/Trudgeon/50to98/50to75/50to62/Kursk Clash of Steel.jpgwas NOT cached
DEBUG: com.dart.archive.image.search.surf.InterestPointsSearcher - findInterestPoints start ... Kursk Clash of Steel.jpg
DEBUG: com.dart.archive.image.search.surf.InterestPointsSearcher - findInterestPoints 205320 took 587 ms
DEBUG: com.dart.archive.image.search.surf.InterestPointsSearcher - element /Users/massimiliano.gerardi/dart/images/Trudgeon/50to98/50to75/50to62/Kursk Clash of Steel.jpgwas cached
DEBUG: com.dart.archive.image.search.surf.InterestPointsSearcher - element /Users/massimiliano.gerardi/dart/images/Trudgeon/50to98/50to75/50to62/Knights of the Sky.jpgwas NOT cached
DEBUG: com.dart.archive.image.search.surf.InterestPointsSearcher - findInterestPoints start ... Knights of the Sky.jpg
DEBUG: com.dart.archive.image.search.surf.InterestPointsSearcher - findInterestPoints 225082 took 788 ms
DEBUG: com.dart.archive.image.search.surf.InterestPointsSearcher - element /Users/massimiliano.gerardi/dart/images/Trudgeon/50to98/50to75/50to62/Knights of the Sky.jpgwas cached
DEBUG: com.dart.archive.image.search.surf.InterestPointsSearcher - element /Users/massimiliano.gerardi/dart/images/Trudgeon/50to98/50to75/63to75/Jest Strike.jpgwas NOT cached
DEBUG: com.dart.archive.image.search.surf.InterestPointsSearcher - findInterestPoints start ... Jest Strike.jpg
DEBUG: com.dart.archive.image.search.surf.InterestPointsSearcher - findInterestPoints 177567 took 673 ms
DEBUG: com.dart.archive.image.search.surf.InterestPointsSearcher - element /Users/massimiliano.gerardi/dart/images/Trudgeon/50to98/50to75/63to75/Jest Strike.jpgwas cached
DEBUG: com.dart.archive.image.search.surf.InterestPointsSearcher - element /Users/massimiliano.gerardi/dart/images/Trudgeon/50to98/50to75/63to75/In Defense of the Reich.jpgwas NOT cached
DEBUG: com.dart.archive.image.search.surf.InterestPointsSearcher - findInterestPoints start ... In Defense of the Reich.jpg
DEBUG: com.dart.archive.image.search.surf.InterestPointsSearcher - findInterestPoints 214344 took 620 ms
DEBUG: com.dart.archive.image.search.surf.InterestPointsSearcher - element /Users/massimiliano.gerardi/dart/images/Trudgeon/50to98/50to75/63to75/In Defense of the Reich.jpgwas cached
DEBUG: com.dart.archive.image.search.surf.InterestPointsSearcher - element /Users/massimiliano.gerardi/dart/images/Trudgeon/50to98/50to75/63to75/Ice Warriors.jpgwas NOT cached
DEBUG: com.dart.archive.image.search.surf.InterestPointsSearcher - findInterestPoints start ... Ice Warriors.jpg
DEBUG: com.dart.archive.image.search.surf.InterestPointsSearcher - findInterestPoints 128243 took 612 ms
DEBUG: com.dart.archive.image.search.surf.InterestPointsSearcher - element /Users/massimiliano.gerardi/dart/images/Trudgeon/50to98/50to75/63to75/Ice Warriors.jpgwas cached
DEBUG: com.dart.archive.image.search.surf.InterestPointsSearcher - element /Users/massimiliano.gerardi/dart/images/Trudgeon/50to98/50to75/63to75/Hurricane Heroes.jpgwas NOT cached
DEBUG: com.dart.archive.image.search.surf.InterestPointsSearcher - findInterestPoints start ... Hurricane Heroes.jpg
DEBUG: com.dart.archive.image.search.surf.InterestPointsSearcher - findInterestPoints 169772 took 566 ms
DEBUG: com.dart.archive.image.search.surf.InterestPointsSearcher - element /Users/massimiliano.gerardi/dart/images/Trudgeon/50to98/50to75/63to75/Hurricane Heroes.jpgwas cached
DEBUG: com.dart.archive.image.search.surf.InterestPointsSearcher - element /Users/massimiliano.gerardi/dart/images/Trudgeon/50to98/50to75/63to75/Hurricane Country.jpgwas NOT cached
DEBUG: com.dart.archive.image.search.surf.InterestPointsSearcher - findInterestPoints start ... Hurricane Country.jpg
DEBUG: com.dart.archive.image.search.surf.InterestPointsSearcher - findInterestPoints 188997 took 656 ms
DEBUG: com.dart.archive.image.search.surf.InterestPointsSearcher - element /Users/massimiliano.gerardi/dart/images/Trudgeon/50to98/50to75/63to75/Hurricane Country.jpgwas cached
DEBUG: com.dart.archive.image.search.surf.InterestPointsSearcher - element /Users/massimiliano.gerardi/dart/images/Trudgeon/50to98/50to75/63to75/Hot Pursuit.jpgwas NOT cached
DEBUG: com.dart.archive.image.search.surf.InterestPointsSearcher - findInterestPoints start ... Hot Pursuit.jpg
DEBUG: com.dart.archive.image.search.surf.InterestPointsSearcher - findInterestPoints 182672 took 628 ms
DEBUG: com.dart.archive.image.search.surf.InterestPointsSearcher - element /Users/massimiliano.gerardi/dart/images/Trudgeon/50to98/50to75/63to75/Hot Pursuit.jpgwas cached
DEBUG: com.dart.archive.image.search.surf.InterestPointsSearcher - element /Users/massimiliano.gerardi/dart/images/Trudgeon/50to98/50to75/63to75/Holding the Line.jpgwas NOT cached
DEBUG: com.dart.archive.image.search.surf.InterestPointsSearcher - findInterestPoints start ... Holding the Line.jpg
DEBUG: com.dart.archive.image.search.surf.InterestPointsSearcher - findInterestPoints 180505 took 565 ms
DEBUG: com.dart.archive.image.search.surf.InterestPointsSearcher - element /Users/massimiliano.gerardi/dart/images/Trudgeon/50to98/50to75/63to75/Holding the Line.jpgwas cached
DEBUG: com.dart.archive.image.search.surf.InterestPointsSearcher - element /Users/massimiliano.gerardi/dart/images/Trudgeon/50to98/50to75/63to75/High Summer High Battle.jpgwas NOT cached
DEBUG: com.dart.archive.image.search.surf.InterestPointsSearcher - findInterestPoints start ... High Summer High Battle.jpg
DEBUG: com.dart.archive.image.search.surf.InterestPointsSearcher - findInterestPoints 169726 took 565 ms
DEBUG: com.dart.archive.image.search.surf.InterestPointsSearcher - element /Users/massimiliano.gerardi/dart/images/Trudgeon/50to98/50to75/63to75/High Summer High Battle.jpgwas cached
DEBUG: com.dart.archive.image.search.surf.InterestPointsSearcher - element /Users/massimiliano.gerardi/dart/images/Trudgeon/50to98/50to75/63to75/Heaven Can Wait.jpgwas NOT cached
DEBUG: com.dart.archive.image.search.surf.InterestPointsSearcher - findInterestPoints start ... Heaven Can Wait.jpg
DEBUG: com.dart.archive.image.search.surf.InterestPointsSearcher - findInterestPoints 188953 took 582 ms
DEBUG: com.dart.archive.image.search.surf.InterestPointsSearcher - element /Users/massimiliano.gerardi/dart/images/Trudgeon/50to98/50to75/63to75/Heaven Can Wait.jpgwas cached
DEBUG: com.dart.archive.image.search.surf.InterestPointsSearcher - element /Users/massimiliano.gerardi/dart/images/Trudgeon/50to98/50to75/63to75/Head to Head.jpgwas NOT cached
DEBUG: com.dart.archive.image.search.surf.InterestPointsSearcher - findInterestPoints start ... Head to Head.jpg
DEBUG: com.dart.archive.image.search.surf.InterestPointsSearcher - findInterestPoints 168219 took 532 ms
DEBUG: com.dart.archive.image.search.surf.InterestPointsSearcher - element /Users/massimiliano.gerardi/dart/images/Trudgeon/50to98/50to75/63to75/Head to Head.jpgwas cached
DEBUG: com.dart.archive.image.search.surf.InterestPointsSearcher - element /Users/massimiliano.gerardi/dart/images/Trudgeon/50to98/50to75/63to75/Gunfight over Rabaul.jpgwas NOT cached
DEBUG: com.dart.archive.image.search.surf.InterestPointsSearcher - findInterestPoints start ... Gunfight over Rabaul.jpg
DEBUG: com.dart.archive.image.search.surf.InterestPointsSearcher - findInterestPoints 170724 took 559 ms
DEBUG: com.dart.archive.image.search.surf.InterestPointsSearcher - element /Users/massimiliano.gerardi/dart/images/Trudgeon/50to98/50to75/63to75/Gunfight over Rabaul.jpgwas cached
DEBUG: com.dart.archive.image.search.surf.InterestPointsSearcher - element /Users/massimiliano.gerardi/dart/images/Trudgeon/50to98/50to75/63to75/Greenheart Warriors.jpgwas NOT cached
DEBUG: com.dart.archive.image.search.surf.InterestPointsSearcher - findInterestPoints start ... Greenheart Warriors.jpg
DEBUG: com.dart.archive.image.search.surf.InterestPointsSearcher - findInterestPoints 228997 took 638 ms
DEBUG: com.dart.archive.image.search.surf.InterestPointsSearcher - element /Users/massimiliano.gerardi/dart/images/Trudgeon/50to98/50to75/63to75/Greenheart Warriors.jpgwas cached
DEBUG: com.dart.archive.image.search.surf.InterestPointsSearcher - element /Users/massimiliano.gerardi/dart/images/Trudgeon/50to98/76to98/Flight out of Hell.jpgwas NOT cached
DEBUG: com.dart.archive.image.search.surf.InterestPointsSearcher - findInterestPoints start ... Flight out of Hell.jpg
DEBUG: com.dart.archive.image.search.surf.InterestPointsSearcher - findInterestPoints 190304 took 552 ms
DEBUG: com.dart.archive.image.search.surf.InterestPointsSearcher - element /Users/massimiliano.gerardi/dart/images/Trudgeon/50to98/76to98/Flight out of Hell.jpgwas cached
DEBUG: com.dart.archive.image.search.surf.InterestPointsSearcher - element /Users/massimiliano.gerardi/dart/images/Trudgeon/50to98/76to98/First Strike on Berlin.jpgwas NOT cached
DEBUG: com.dart.archive.image.search.surf.InterestPointsSearcher - findInterestPoints start ... First Strike on Berlin.jpg
DEBUG: com.dart.archive.image.search.surf.InterestPointsSearcher - findInterestPoints 155245 took 745 ms
DEBUG: com.dart.archive.image.search.surf.InterestPointsSearcher - element /Users/massimiliano.gerardi/dart/images/Trudgeon/50to98/76to98/First Strike on Berlin.jpgwas cached
DEBUG: com.dart.archive.image.search.surf.InterestPointsSearcher - element /Users/massimiliano.gerardi/dart/images/Trudgeon/50to98/76to98/First Flap of the Day.jpgwas NOT cached
DEBUG: com.dart.archive.image.search.surf.InterestPointsSearcher - findInterestPoints start ... First Flap of the Day.jpg
DEBUG: com.dart.archive.image.search.surf.InterestPointsSearcher - findInterestPoints 175937 took 711 ms
DEBUG: com.dart.archive.image.search.surf.InterestPointsSearcher - element /Users/massimiliano.gerardi/dart/images/Trudgeon/50to98/76to98/First Flap of the Day.jpgwas cached
DEBUG: com.dart.archive.image.search.surf.InterestPointsSearcher - element /Users/massimiliano.gerardi/dart/images/Trudgeon/50to98/76to98/End Game.jpgwas NOT cached
DEBUG: com.dart.archive.image.search.surf.InterestPointsSearcher - findInterestPoints start ... End Game.jpg
DEBUG: com.dart.archive.image.search.surf.InterestPointsSearcher - findInterestPoints 155160 took 639 ms
DEBUG: com.dart.archive.image.search.surf.InterestPointsSearcher - element /Users/massimiliano.gerardi/dart/images/Trudgeon/50to98/76to98/End Game.jpgwas cached
DEBUG: com.dart.archive.image.search.surf.InterestPointsSearcher - element /Users/massimiliano.gerardi/dart/images/Trudgeon/50to98/76to98/Dragons of Colombert.jpgwas NOT cached
DEBUG: com.dart.archive.image.search.surf.InterestPointsSearcher - findInterestPoints start ... Dragons of Colombert.jpg
DEBUG: com.dart.archive.image.search.surf.InterestPointsSearcher - findInterestPoints 168036 took 604 ms
DEBUG: com.dart.archive.image.search.surf.InterestPointsSearcher - element /Users/massimiliano.gerardi/dart/images/Trudgeon/50to98/76to98/Dragons of Colombert.jpgwas cached
DEBUG: com.dart.archive.image.search.surf.InterestPointsSearcher - element /Users/massimiliano.gerardi/dart/images/Trudgeon/50to98/76to98/Desert Victory.jpgwas NOT cached
DEBUG: com.dart.archive.image.search.surf.InterestPointsSearcher - findInterestPoints start ... Desert Victory.jpg
DEBUG: com.dart.archive.image.search.surf.InterestPointsSearcher - findInterestPoints 156708 took 721 ms
DEBUG: com.dart.archive.image.search.surf.InterestPointsSearcher - element /Users/massimiliano.gerardi/dart/images/Trudgeon/50to98/76to98/Desert Victory.jpgwas cached
DEBUG: com.dart.archive.image.search.surf.InterestPointsSearcher - element /Users/massimiliano.gerardi/dart/images/Trudgeon/50to98/76to98/Desert Sharks and Eagles.jpgwas NOT cached
DEBUG: com.dart.archive.image.search.surf.InterestPointsSearcher - findInterestPoints start ... Desert Sharks and Eagles.jpg
DEBUG: com.dart.archive.image.search.surf.InterestPointsSearcher - findInterestPoints 171950 took 698 ms
DEBUG: com.dart.archive.image.search.surf.InterestPointsSearcher - element /Users/massimiliano.gerardi/dart/images/Trudgeon/50to98/76to98/Desert Sharks and Eagles.jpgwas cached
DEBUG: com.dart.archive.image.search.surf.InterestPointsSearcher - element /Users/massimiliano.gerardi/dart/images/Trudgeon/50to98/76to98/D-Day Armada.jpgwas NOT cached
DEBUG: com.dart.archive.image.search.surf.InterestPointsSearcher - findInterestPoints start ... D-Day Armada.jpg
DEBUG: com.dart.archive.image.search.surf.InterestPointsSearcher - findInterestPoints 147157 took 852 ms
DEBUG: com.dart.archive.image.search.surf.InterestPointsSearcher - element /Users/massimiliano.gerardi/dart/images/Trudgeon/50to98/76to98/D-Day Armada.jpgwas cached
DEBUG: com.dart.archive.image.search.surf.InterestPointsSearcher - element /Users/massimiliano.gerardi/dart/images/Trudgeon/50to98/76to98/Day of the Fighters.jpgwas NOT cached
DEBUG: com.dart.archive.image.search.surf.InterestPointsSearcher - findInterestPoints start ... Day of the Fighters.jpg
DEBUG: com.dart.archive.image.search.surf.InterestPointsSearcher - findInterestPoints 201041 took 550 ms
DEBUG: com.dart.archive.image.search.surf.InterestPointsSearcher - element /Users/massimiliano.gerardi/dart/images/Trudgeon/50to98/76to98/Day of the Fighters.jpgwas cached
DEBUG: com.dart.archive.image.search.surf.InterestPointsSearcher - element /Users/massimiliano.gerardi/dart/images/Trudgeon/50to98/76to98/Dawn Chorus.jpgwas NOT cached
DEBUG: com.dart.archive.image.search.surf.InterestPointsSearcher - findInterestPoints start ... Dawn Chorus.jpg
DEBUG: com.dart.archive.image.search.surf.InterestPointsSearcher - findInterestPoints 175149 took 565 ms
DEBUG: com.dart.archive.image.search.surf.InterestPointsSearcher - element /Users/massimiliano.gerardi/dart/images/Trudgeon/50to98/76to98/Dawn Chorus.jpgwas cached
DEBUG: com.dart.archive.image.search.surf.InterestPointsSearcher - element /Users/massimiliano.gerardi/dart/images/Trudgeon/50to98/76to98/Combat over Beachy Head.jpgwas NOT cached
DEBUG: com.dart.archive.image.search.surf.InterestPointsSearcher - findInterestPoints start ... Combat over Beachy Head.jpg
DEBUG: com.dart.archive.image.search.surf.InterestPointsSearcher - findInterestPoints 241447 took 971 ms
DEBUG: com.dart.archive.image.search.surf.InterestPointsSearcher - element /Users/massimiliano.gerardi/dart/images/Trudgeon/50to98/76to98/Combat over Beachy Head.jpgwas cached
DEBUG: com.dart.archive.image.search.surf.InterestPointsSearcher - element /Users/massimiliano.gerardi/dart/images/Trudgeon/50to98/76to98/Clash over Remergen.jpgwas NOT cached
DEBUG: com.dart.archive.image.search.surf.InterestPointsSearcher - findInterestPoints start ... Clash over Remergen.jpg
DEBUG: com.dart.archive.image.search.surf.InterestPointsSearcher - findInterestPoints 178333 took 546 ms
DEBUG: com.dart.archive.image.search.surf.InterestPointsSearcher - element /Users/massimiliano.gerardi/dart/images/Trudgeon/50to98/76to98/Clash over Remergen.jpgwas cached
DEBUG: com.dart.archive.image.search.surf.InterestPointsSearcher - element /Users/massimiliano.gerardi/dart/images/Trudgeon/50to98/76to98/Breaching the Dams.jpgwas NOT cached
DEBUG: com.dart.archive.image.search.surf.InterestPointsSearcher - findInterestPoints start ... Breaching the Dams.jpg
DEBUG: com.dart.archive.image.search.surf.InterestPointsSearcher - findInterestPoints 166767 took 554 ms
DEBUG: com.dart.archive.image.search.surf.InterestPointsSearcher - element /Users/massimiliano.gerardi/dart/images/Trudgeon/50to98/76to98/Breaching the Dams.jpgwas cached
DEBUG: com.dart.archive.image.search.surf.InterestPointsSearcher - element /Users/massimiliano.gerardi/dart/images/Trudgeon/50to98/76to98/Bomber Force.jpgwas NOT cached
DEBUG: com.dart.archive.image.search.surf.InterestPointsSearcher - findInterestPoints start ... Bomber Force.jpg
DEBUG: com.dart.archive.image.search.surf.InterestPointsSearcher - findInterestPoints 210726 took 675 ms
DEBUG: com.dart.archive.image.search.surf.InterestPointsSearcher - element /Users/massimiliano.gerardi/dart/images/Trudgeon/50to98/76to98/Bomber Force.jpgwas cached
DEBUG: com.dart.archive.image.search.surf.InterestPointsSearcher - element /Users/massimiliano.gerardi/dart/images/Trudgeon/50to98/76to98/Black 13.jpgwas NOT cached
DEBUG: com.dart.archive.image.search.surf.InterestPointsSearcher - findInterestPoints start ... Black 13.jpg
DEBUG: com.dart.archive.image.search.surf.InterestPointsSearcher - findInterestPoints 216311 took 560 ms
DEBUG: com.dart.archive.image.search.surf.InterestPointsSearcher - element /Users/massimiliano.gerardi/dart/images/Trudgeon/50to98/76to98/Black 13.jpgwas cached
DEBUG: com.dart.archive.image.search.surf.InterestPointsSearcher - element /Users/massimiliano.gerardi/dart/images/Trudgeon/50to98/76to98/Battle of Kursk.jpgwas NOT cached
DEBUG: com.dart.archive.image.search.surf.InterestPointsSearcher - findInterestPoints start ... Battle of Kursk.jpg
DEBUG: com.dart.archive.image.search.surf.InterestPointsSearcher - findInterestPoints 198167 took 529 ms
DEBUG: com.dart.archive.image.search.surf.InterestPointsSearcher - element /Users/massimiliano.gerardi/dart/images/Trudgeon/50to98/76to98/Battle of Kursk.jpgwas cached
DEBUG: com.dart.archive.image.search.surf.InterestPointsSearcher - element /Users/massimiliano.gerardi/dart/images/Trudgeon/50to98/76to98/Battle for the Islands.jpgwas NOT cached
DEBUG: com.dart.archive.image.search.surf.InterestPointsSearcher - findInterestPoints start ... Battle for the Islands.jpg
DEBUG: com.dart.archive.image.search.surf.InterestPointsSearcher - findInterestPoints 173226 took 473 ms
DEBUG: com.dart.archive.image.search.surf.InterestPointsSearcher - element /Users/massimiliano.gerardi/dart/images/Trudgeon/50to98/76to98/Battle for the Islands.jpgwas cached
DEBUG: com.dart.archive.image.search.surf.InterestPointsSearcher - element /Users/massimiliano.gerardi/dart/images/Trudgeon/50to98/76to98/Battle for New Year's Day.jpgwas NOT cached
DEBUG: com.dart.archive.image.search.surf.InterestPointsSearcher - findInterestPoints start ... Battle for New Year's Day.jpg
DEBUG: com.dart.archive.image.search.surf.InterestPointsSearcher - findInterestPoints 176336 took 561 ms
DEBUG: com.dart.archive.image.search.surf.InterestPointsSearcher - element /Users/massimiliano.gerardi/dart/images/Trudgeon/50to98/76to98/Battle for New Year's Day.jpgwas cached
DEBUG: com.dart.archive.image.search.surf.InterestPointsSearcher - element /Users/massimiliano.gerardi/dart/images/Trudgeon/50to98/76to98/Back from Normandy.jpgwas NOT cached
DEBUG: com.dart.archive.image.search.surf.InterestPointsSearcher - findInterestPoints start ... Back from Normandy.jpg
DEBUG: com.dart.archive.image.search.surf.InterestPointsSearcher - findInterestPoints 201537 took 631 ms
DEBUG: com.dart.archive.image.search.surf.InterestPointsSearcher - element /Users/massimiliano.gerardi/dart/images/Trudgeon/50to98/76to98/Back from Normandy.jpgwas cached
DEBUG: com.dart.archive.image.search.surf.InterestPointsSearcher - element /Users/massimiliano.gerardi/dart/images/Trudgeon/50to98/76to98/Ardennes Offensive.jpgwas NOT cached
DEBUG: com.dart.archive.image.search.surf.InterestPointsSearcher - findInterestPoints start ... Ardennes Offensive.jpg
DEBUG: com.dart.archive.image.search.surf.InterestPointsSearcher - findInterestPoints 167414 took 798 ms
DEBUG: com.dart.archive.image.search.surf.InterestPointsSearcher - element /Users/massimiliano.gerardi/dart/images/Trudgeon/50to98/76to98/Ardennes Offensive.jpgwas cached
DEBUG: com.dart.archive.image.search.surf.InterestPointsSearcher - element /Users/massimiliano.gerardi/dart/images/Trudgeon/50to98/76to98/Alpine Thunder.jpgwas NOT cached
DEBUG: com.dart.archive.image.search.surf.InterestPointsSearcher - findInterestPoints start ... Alpine Thunder.jpg
DEBUG: com.dart.archive.image.search.surf.InterestPointsSearcher - findInterestPoints 186874 took 786 ms
DEBUG: com.dart.archive.image.search.surf.InterestPointsSearcher - element /Users/massimiliano.gerardi/dart/images/Trudgeon/50to98/76to98/Alpine Thunder.jpgwas cached
DEBUG: com.dart.archive.image.search.surf.InterestPointsSearcher - element /Users/massimiliano.gerardi/dart/images/Trudgeon/50to98/76to98/Advance into Europe.jpgwas NOT cached
DEBUG: com.dart.archive.image.search.surf.InterestPointsSearcher - findInterestPoints start ... Advance into Europe.jpg
DEBUG: com.dart.archive.image.search.surf.InterestPointsSearcher - findInterestPoints 249815 took 838 ms
DEBUG: com.dart.archive.image.search.surf.InterestPointsSearcher - element /Users/massimiliano.gerardi/dart/images/Trudgeon/50to98/76to98/Advance into Europe.jpgwas cached
DEBUG: com.dart.archive.image.search.surf.InterestPointsSearcher - element /Users/massimiliano.gerardi/dart/images/Trudgeon/50to98/76to98/Ace of Diamonds.jpgwas NOT cached
DEBUG: com.dart.archive.image.search.surf.InterestPointsSearcher - findInterestPoints start ... Ace of Diamonds.jpg
DEBUG: com.dart.archive.image.search.surf.InterestPointsSearcher - findInterestPoints 145405 took 722 ms
DEBUG: com.dart.archive.image.search.surf.InterestPointsSearcher - element /Users/massimiliano.gerardi/dart/images/Trudgeon/50to98/76to98/Ace of Diamonds.jpgwas cached
DEBUG: com.dart.archive.image.search.surf.InterestPointsSearcher - element /Users/massimiliano.gerardi/dart/images/Trudgeon/50to98/76to98/A Welcome at the Inn.jpgwas NOT cached
DEBUG: com.dart.archive.image.search.surf.InterestPointsSearcher - findInterestPoints start ... A Welcome at the Inn.jpg
DEBUG: com.dart.archive.image.search.surf.InterestPointsSearcher - findInterestPoints 212606 took 866 ms
DEBUG: com.dart.archive.image.search.surf.InterestPointsSearcher - element /Users/massimiliano.gerardi/dart/images/Trudgeon/50to98/76to98/A Welcome at the Inn.jpgwas cached
DEBUG: org.springframework.beans.factory.support.DefaultListableBeanFactory - Eagerly caching bean 'imageSearcher' to allow for resolving potential circular references
DEBUG: org.springframework.core.env.StandardEnvironment - Initializing new StandardEnvironment
DEBUG: org.springframework.core.env.StandardEnvironment - Adding [systemProperties] PropertySource with lowest search precedence
DEBUG: org.springframework.core.env.StandardEnvironment - Adding [systemEnvironment] PropertySource with lowest search precedence
DEBUG: org.springframework.core.env.StandardEnvironment - Initialized StandardEnvironment with PropertySources [systemProperties,systemEnvironment]
DEBUG: org.springframework.core.env.StandardEnvironment - Initializing new StandardEnvironment
DEBUG: org.springframework.core.env.StandardEnvironment - Adding [systemProperties] PropertySource with lowest search precedence
DEBUG: org.springframework.core.env.StandardEnvironment - Adding [systemEnvironment] PropertySource with lowest search precedence
DEBUG: org.springframework.core.env.StandardEnvironment - Initialized StandardEnvironment with PropertySources [systemProperties,systemEnvironment]
DEBUG: org.springframework.core.env.StandardEnvironment - Initializing new StandardEnvironment
DEBUG: org.springframework.core.env.StandardEnvironment - Adding [systemProperties] PropertySource with lowest search precedence
DEBUG: org.springframework.core.env.StandardEnvironment - Adding [systemEnvironment] PropertySource with lowest search precedence
DEBUG: org.springframework.core.env.StandardEnvironment - Initialized StandardEnvironment with PropertySources [systemProperties,systemEnvironment]
DEBUG: org.springframework.core.env.StandardEnvironment - Initializing new StandardEnvironment
DEBUG: org.springframework.core.env.StandardEnvironment - Adding [systemProperties] PropertySource with lowest search precedence
DEBUG: org.springframework.core.env.StandardEnvironment - Adding [systemEnvironment] PropertySource with lowest search precedence
DEBUG: org.springframework.core.env.StandardEnvironment - Initialized StandardEnvironment with PropertySources [systemProperties,systemEnvironment]
DEBUG: org.springframework.core.env.StandardEnvironment - Initializing new StandardEnvironment
DEBUG: org.springframework.core.env.StandardEnvironment - Adding [systemProperties] PropertySource with lowest search precedence
DEBUG: org.springframework.core.env.StandardEnvironment - Adding [systemEnvironment] PropertySource with lowest search precedence
DEBUG: org.springframework.core.env.StandardEnvironment - Initialized StandardEnvironment with PropertySources [systemProperties,systemEnvironment]
DEBUG: org.springframework.beans.factory.support.DefaultListableBeanFactory - Finished creating instance of bean 'imageSearcher'
DEBUG: org.springframework.beans.factory.annotation.AutowiredAnnotationBeanPostProcessor - Autowiring by type from bean name 'imageSearchService' to bean named 'imageSearcher'
DEBUG: org.springframework.beans.factory.support.DefaultListableBeanFactory - Finished creating instance of bean 'imageSearchService'
DEBUG: org.springframework.beans.factory.support.DefaultListableBeanFactory - Creating shared instance of singleton bean 'imageSearchResource'
DEBUG: org.springframework.beans.factory.support.DefaultListableBeanFactory - Creating instance of bean 'imageSearchResource'
DEBUG: org.springframework.beans.factory.annotation.InjectionMetadata - Registered injected element on class [com.dart.archive.image.search.site.ImageSearchResource]: AutowiredFieldElement for com.dart.archive.image.search.site.ImageSearchService com.dart.archive.image.search.site.ImageSearchResource.searchService
DEBUG: org.springframework.beans.factory.support.DefaultListableBeanFactory - Eagerly caching bean 'imageSearchResource' to allow for resolving potential circular references
DEBUG: org.springframework.beans.factory.annotation.InjectionMetadata - Processing injected method of bean 'imageSearchResource': AutowiredFieldElement for com.dart.archive.image.search.site.ImageSearchService com.dart.archive.image.search.site.ImageSearchResource.searchService
DEBUG: org.springframework.beans.factory.support.DefaultListableBeanFactory - Returning cached instance of singleton bean 'imageSearchService'
DEBUG: org.springframework.beans.factory.annotation.AutowiredAnnotationBeanPostProcessor - Autowiring by type from bean name 'imageSearchResource' to bean named 'imageSearchService'
DEBUG: org.springframework.beans.factory.support.DefaultListableBeanFactory - Finished creating instance of bean 'imageSearchResource'
DEBUG: org.springframework.beans.factory.support.DefaultListableBeanFactory - Creating shared instance of singleton bean 'imageSearchHealthCheck'
DEBUG: org.springframework.beans.factory.support.DefaultListableBeanFactory - Creating instance of bean 'imageSearchHealthCheck'
DEBUG: org.springframework.beans.factory.annotation.InjectionMetadata - Registered injected element on class [com.dart.archive.image.search.site.ImageSearchHealthCheck]: AutowiredFieldElement for private java.lang.String com.dart.archive.image.search.site.ImageSearchHealthCheck.images
DEBUG: org.springframework.beans.factory.support.DefaultListableBeanFactory - Eagerly caching bean 'imageSearchHealthCheck' to allow for resolving potential circular references
DEBUG: org.springframework.beans.factory.annotation.InjectionMetadata - Processing injected method of bean 'imageSearchHealthCheck': AutowiredFieldElement for private java.lang.String com.dart.archive.image.search.site.ImageSearchHealthCheck.images
DEBUG: org.springframework.beans.factory.support.DefaultListableBeanFactory - Finished creating instance of bean 'imageSearchHealthCheck'
DEBUG: org.springframework.beans.factory.support.DefaultListableBeanFactory - Returning cached instance of singleton bean 'org.springframework.context.annotation.ConfigurationClassPostProcessor.importAwareProcessor'
DEBUG: org.springframework.context.annotation.AnnotationConfigApplicationContext - Unable to locate LifecycleProcessor with name 'lifecycleProcessor': using default [org.springframework.context.support.DefaultLifecycleProcessor@4dc232a]
DEBUG: org.springframework.beans.factory.support.DefaultListableBeanFactory - Returning cached instance of singleton bean 'lifecycleProcessor'
DEBUG: org.springframework.core.env.PropertySourcesPropertyResolver - Searching for key 'spring.liveBeansView.mbeanDomain' in [systemProperties]
DEBUG: org.springframework.core.env.PropertySourcesPropertyResolver - Searching for key 'spring.liveBeansView.mbeanDomain' in [systemEnvironment]
DEBUG: org.springframework.core.env.PropertySourcesPropertyResolver - Could not find key 'spring.liveBeansView.mbeanDomain' in any property source. Returning [null]
DEBUG: org.springframework.beans.factory.support.DefaultListableBeanFactory - Returning cached instance of singleton bean 'imageSearchHealthCheck'
INFO  [2013-03-10 09:02:59,042] com.github.nhuray.dropwizard.spring.SpringBundle: Registering healthCheck: com.dart.archive.image.search.site.ImageSearchHealthCheck
DEBUG: org.springframework.beans.factory.support.DefaultListableBeanFactory - Returning cached instance of singleton bean 'imageSearchResource'
INFO  [2013-03-10 09:02:59,048] com.github.nhuray.dropwizard.spring.SpringBundle: Registering resource : com.dart.archive.image.search.site.ImageSearchResource
INFO  [2013-03-10 09:02:59,209] com.yammer.dropwizard.cli.ServerCommand: Starting image-search
INFO  [2013-03-10 09:02:59,211] org.eclipse.jetty.server.Server: jetty-8.y.z-SNAPSHOT
INFO  [2013-03-10 09:02:59,581] com.sun.jersey.server.impl.application.WebApplicationImpl: Initiating Jersey application, version 'Jersey: 1.15 10/30/2012 02:40 PM'
INFO  [2013-03-10 09:02:59,635] com.yammer.dropwizard.config.Environment: 

    GET     /search (com.dart.archive.image.search.site.ImageSearchResource)

INFO  [2013-03-10 09:02:59,635] com.yammer.dropwizard.config.Environment: tasks = 

    POST    /tasks/gc (com.yammer.dropwizard.tasks.GarbageCollectionTask)

INFO  [2013-03-10 09:03:00,193] org.eclipse.jetty.server.AbstractConnector: Started InstrumentedBlockingChannelConnector@0.0.0.0:8081
INFO  [2013-03-10 09:03:00,196] org.eclipse.jetty.server.AbstractConnector: Started SocketConnector@0.0.0.0:8091
